<?xml version="1.0" encoding="UTF-8"?>
  <testsuite tests="2" failures="0" time="0.000240098">
      <testcase name="TestGinServer provided a valid gin engine and api path registers the necessary api routes" classname="Gin Engine Suite" time="8.7367e-05"></testcase>
      <testcase name="TestGinServer provided a valid gin engine and api path serves api doc from /doc" classname="Gin Engine Suite" time="7.1026e-05"></testcase>
  </testsuite>