<?xml version="1.0" encoding="UTF-8"?>
  <testsuite tests="1" failures="0" time="0.000986872">
      <testcase name="TestGinServer test basic signal handling works handles basic signal operations" classname="Signal Suite" time="0.000906794"></testcase>
  </testsuite>